Last login: Mon Mar 30 21:05:31 on ttys006
You have mail.
Michaels-MacBook-Pro-8:~ MichaelKellman$ cd Desktop/Capstone/heartrate_cpp/
Michaels-MacBook-Pro-8:heartrate_cpp MichaelKellman$ ls
JnS-1.2			linasm-1.1(stable)
Michaels-MacBook-Pro-8:heartrate_cpp MichaelKellman$ cd JnS-1.2/
Michaels-MacBook-Pro-8:JnS-1.2 MichaelKellman$ ls
0_README	JnS.c		Makefile~	Matutil.o	testJnS.o
COPYING		JnS.h		MatlabjadeR.m	ShibbsR.c	testJointDiag.m
Gateway.c	JnS.o		MatlabshibbsR.m	testJnS
History		JointDiag.c	Matutil.c	testJnS.c
JadeR.c		Makefile	Matutil.h	testJnS.m
Michaels-MacBook-Pro-8:JnS-1.2 MichaelKellman$ make JnS.o
make: `JnS.o' is up to date.
Michaels-MacBook-Pro-8:JnS-1.2 MichaelKellman$ cd ../
Michaels-MacBook-Pro-8:heartrate_cpp MichaelKellman$ ls
CMakeLists.txt		linasm-1.1(stable)
JnS-1.2			test.cpp
Michaels-MacBook-Pro-8:heartrate_cpp MichaelKellman$ make
make: *** No targets specified and no makefile found.  Stop.
Michaels-MacBook-Pro-8:heartrate_cpp MichaelKellman$ /Applications/CMake.app/Contents/bin/cmake .
-- The C compiler identification is AppleClang 6.0.0.6000057
-- The CXX compiler identification is AppleClang 6.0.0.6000057
-- Check for working C compiler: /Applications/Xcode.app/Contents/Developer/Toolchains/XcodeDefault.xctoolchain/usr/bin/cc
-- Check for working C compiler: /Applications/Xcode.app/Contents/Developer/Toolchains/XcodeDefault.xctoolchain/usr/bin/cc -- works
-- Detecting C compiler ABI info
-- Detecting C compiler ABI info - done
-- Detecting C compile features
-- Detecting C compile features - done
-- Check for working CXX compiler: /Applications/Xcode.app/Contents/Developer/Toolchains/XcodeDefault.xctoolchain/usr/bin/c++
-- Check for working CXX compiler: /Applications/Xcode.app/Contents/Developer/Toolchains/XcodeDefault.xctoolchain/usr/bin/c++ -- works
-- Detecting CXX compiler ABI info
-- Detecting CXX compiler ABI info - done
-- Detecting CXX compile features
-- Detecting CXX compile features - done
CMake Warning (dev) at CMakeLists.txt:5 (add_executable):
  Policy CMP0037 is not set: Target names should not be reserved and should
  match a validity pattern.  Run "cmake --help-policy CMP0037" for policy
  details.  Use the cmake_policy command to set the policy and suppress this
  warning.

  The target name "test" is reserved or not valid for certain CMake features,
  such as generator expressions, and may result in undefined behavior.
This warning is for project developers.  Use -Wno-dev to suppress it.

-- Configuring done
-- Generating done
-- Build files have been written to: /Users/MichaelKellman/Desktop/Capstone/heartrate_cpp
Michaels-MacBook-Pro-8:heartrate_cpp MichaelKellman$ make
Scanning dependencies of target test
[100%] Building CXX object CMakeFiles/test.dir/test.o
Linking CXX executable test
Undefined symbols for architecture x86_64:
  "_main", referenced from:
     implicit entry/start for main executable
ld: symbol(s) not found for architecture x86_64
clang: error: linker command failed with exit code 1 (use -v to see invocation)
make[2]: *** [test] Error 1
make[1]: *** [CMakeFiles/test.dir/all] Error 2
make: *** [all] Error 2
Michaels-MacBook-Pro-8:heartrate_cpp MichaelKellman$ make
Scanning dependencies of target test
[100%] Building CXX object CMakeFiles/test.dir/test.o
/Users/MichaelKellman/Desktop/Capstone/heartrate_cpp/test.cpp:3:16: error: 
      expected namespace name
using namespace;
               ^
/Users/MichaelKellman/Desktop/Capstone/heartrate_cpp/test.cpp:5:1: error: 
      'main' must return 'int'
void main(){
^~~~
int
/Users/MichaelKellman/Desktop/Capstone/heartrate_cpp/test.cpp:7:2: error: void
      function 'main' should not return a value [-Wreturn-type]
        return 0;
        ^      ~
3 errors generated.
make[2]: *** [CMakeFiles/test.dir/test.o] Error 1
make[1]: *** [CMakeFiles/test.dir/all] Error 2
make: *** [all] Error 2
Michaels-MacBook-Pro-8:heartrate_cpp MichaelKellman$ make
Scanning dependencies of target test
[100%] Building CXX object CMakeFiles/test.dir/test.o
/Users/MichaelKellman/Desktop/Capstone/heartrate_cpp/test.cpp:3:16: error: 
      expected namespace name
using namespace;
               ^
/Users/MichaelKellman/Desktop/Capstone/heartrate_cpp/test.cpp:5:1: error: 
      'main' must return 'int'
void main(){
^~~~
int
2 errors generated.
make[2]: *** [CMakeFiles/test.dir/test.o] Error 1
make[1]: *** [CMakeFiles/test.dir/all] Error 2
make: *** [all] Error 2
Michaels-MacBook-Pro-8:heartrate_cpp MichaelKellman$ make
Scanning dependencies of target test
[100%] Building CXX object CMakeFiles/test.dir/test.o
/Users/MichaelKellman/Desktop/Capstone/heartrate_cpp/test.cpp:3:16: error: 
      expected namespace name
using namespace();
               ^
/Users/MichaelKellman/Desktop/Capstone/heartrate_cpp/test.cpp:5:1: error: 
      'main' must return 'int'
void main(){
^~~~
int
2 errors generated.
make[2]: *** [CMakeFiles/test.dir/test.o] Error 1
make[1]: *** [CMakeFiles/test.dir/all] Error 2
make: *** [all] Error 2
Michaels-MacBook-Pro-8:heartrate_cpp MichaelKellman$ make
Scanning dependencies of target test
[100%] Building CXX object CMakeFiles/test.dir/test.o
/Users/MichaelKellman/Desktop/Capstone/heartrate_cpp/test.cpp:3:16: error: 
      expected namespace name
using namespace();
               ^
/Users/MichaelKellman/Desktop/Capstone/heartrate_cpp/test.cpp:7:2: error: 
      non-void function 'main' should return a value [-Wreturn-type]
        return;
        ^
2 errors generated.
make[2]: *** [CMakeFiles/test.dir/test.o] Error 1
make[1]: *** [CMakeFiles/test.dir/all] Error 2
make: *** [all] Error 2
Michaels-MacBook-Pro-8:heartrate_cpp MichaelKellman$ make
Scanning dependencies of target test
[100%] Building CXX object CMakeFiles/test.dir/test.o
/Users/MichaelKellman/Desktop/Capstone/heartrate_cpp/test.cpp:3:16: error: 
      expected namespace name
using namespace();
               ^
1 error generated.
make[2]: *** [CMakeFiles/test.dir/test.o] Error 1
make[1]: *** [CMakeFiles/test.dir/all] Error 2
make: *** [all] Error 2
Michaels-MacBook-Pro-8:heartrate_cpp MichaelKellman$ make
Scanning dependencies of target test
[100%] Building CXX object CMakeFiles/test.dir/test.o
/Users/MichaelKellman/Desktop/Capstone/heartrate_cpp/test.cpp:1:25: warning: 
      extra tokens at end of #include directive [-Wextra-tokens]
#include "JnS-1.2/JnS.h";
                        ^
                        //
/Users/MichaelKellman/Desktop/Capstone/heartrate_cpp/test.cpp:3:16: error: 
      expected namespace name
using namespace();
               ^
1 warning and 1 error generated.
make[2]: *** [CMakeFiles/test.dir/test.o] Error 1
make[1]: *** [CMakeFiles/test.dir/all] Error 2
make: *** [all] Error 2
Michaels-MacBook-Pro-8:heartrate_cpp MichaelKellman$ make
Scanning dependencies of target test
[100%] Building CXX object CMakeFiles/test.dir/test.o
/Users/MichaelKellman/Desktop/Capstone/heartrate_cpp/test.cpp:1:25: warning: 
      extra tokens at end of #include directive [-Wextra-tokens]
#include "JnS-1.2/JnS.h";
                        ^
                        //
/Users/MichaelKellman/Desktop/Capstone/heartrate_cpp/test.cpp:2:19: warning: 
      extra tokens at end of #include directive [-Wextra-tokens]
#include <stdio.h>;
                  ^
                  //
/Users/MichaelKellman/Desktop/Capstone/heartrate_cpp/test.cpp:4:16: error: 
      expected namespace name
using namespace();
               ^
2 warnings and 1 error generated.
make[2]: *** [CMakeFiles/test.dir/test.o] Error 1
make[1]: *** [CMakeFiles/test.dir/all] Error 2
make: *** [all] Error 2
Michaels-MacBook-Pro-8:heartrate_cpp MichaelKellman$ make
Scanning dependencies of target test
[100%] Building CXX object CMakeFiles/test.dir/test.o
/Users/MichaelKellman/Desktop/Capstone/heartrate_cpp/test.cpp:4:17: warning: 
      using directive refers to implicitly-defined namespace 'std'
using namespace std;
                ^
1 warning generated.
Linking CXX executable test
[100%] Built target test
Michaels-MacBook-Pro-8:heartrate_cpp MichaelKellman$ make
Scanning dependencies of target test
[100%] Building CXX object CMakeFiles/test.dir/test.o
/Users/MichaelKellman/Desktop/Capstone/heartrate_cpp/test.cpp:4:10: error: 
      expected ';' after using declaration
using std namespace;
         ^
         ;
/Users/MichaelKellman/Desktop/Capstone/heartrate_cpp/test.cpp:4:7: error: using
      declaration requires a qualified name
using std namespace;
      ^
/Users/MichaelKellman/Desktop/Capstone/heartrate_cpp/test.cpp:5:17: error: 
      expected namespace name
using namespace cv;
                ^
3 errors generated.
make[2]: *** [CMakeFiles/test.dir/test.o] Error 1
make[1]: *** [CMakeFiles/test.dir/all] Error 2
make: *** [all] Error 2
Michaels-MacBook-Pro-8:heartrate_cpp MichaelKellman$ make
Scanning dependencies of target test
[100%] Building CXX object CMakeFiles/test.dir/test.o
/Users/MichaelKellman/Desktop/Capstone/heartrate_cpp/test.cpp:4:17: warning: 
      using directive refers to implicitly-defined namespace 'std'
using namespace std;
                ^
/Users/MichaelKellman/Desktop/Capstone/heartrate_cpp/test.cpp:5:17: error: 
      expected namespace name
using namespace cv;
                ^
1 warning and 1 error generated.
make[2]: *** [CMakeFiles/test.dir/test.o] Error 1
make[1]: *** [CMakeFiles/test.dir/all] Error 2
make: *** [all] Error 2
Michaels-MacBook-Pro-8:heartrate_cpp MichaelKellman$ make
Scanning dependencies of target test
[100%] Building CXX object CMakeFiles/test.dir/test.o
Linking CXX executable test
[100%] Built target test
Michaels-MacBook-Pro-8:heartrate_cpp MichaelKellman$ ./test
Michaels-MacBook-Pro-8:heartrate_cpp MichaelKellman$ make
Scanning dependencies of target test
[100%] Building CXX object CMakeFiles/test.dir/test.o
Linking CXX executable test
Undefined symbols for architecture x86_64:
  "OutOfMemory()", referenced from:
      _main in test.o
ld: symbol(s) not found for architecture x86_64
clang: error: linker command failed with exit code 1 (use -v to see invocation)
make[2]: *** [test] Error 1
make[1]: *** [CMakeFiles/test.dir/all] Error 2
make: *** [all] Error 2
Michaels-MacBook-Pro-8:heartrate_cpp MichaelKellman$ make
Scanning dependencies of target test
[100%] Building CXX object CMakeFiles/test.dir/test.o
/Users/MichaelKellman/Desktop/Capstone/heartrate_cpp/test.cpp:8:2: error: no
      matching function for call to 'Jade'
        Jade();
        ^~~~
/Users/MichaelKellman/Desktop/Capstone/heartrate_cpp/JnS-1.2/JnS.h:7:6: note: 
      candidate function not viable: requires 4 arguments, but 0 were provided
void Jade (
     ^
1 error generated.
make[2]: *** [CMakeFiles/test.dir/test.o] Error 1
make[1]: *** [CMakeFiles/test.dir/all] Error 2
make: *** [all] Error 2
Michaels-MacBook-Pro-8:heartrate_cpp MichaelKellman$ make
Scanning dependencies of target test
[100%] Building CXX object CMakeFiles/test.dir/test.o
/Users/MichaelKellman/Desktop/Capstone/heartrate_cpp/test.cpp:12:2: error: use
      of undeclared identifier 'memset'
        memset(input,0,sizeof(double)*nbc*nbs);
        ^
/Users/MichaelKellman/Desktop/Capstone/heartrate_cpp/test.cpp:13:2: error: no
      matching function for call to 'Jade'
        Jade(output,input,nbc,nbs);
        ^~~~
/Users/MichaelKellman/Desktop/Capstone/heartrate_cpp/JnS-1.2/JnS.h:7:6: note: 
      candidate function not viable: no known conversion from
      'double *[nbc][nbs]' to 'double *' for 2nd argument
void Jade (
     ^
2 errors generated.
make[2]: *** [CMakeFiles/test.dir/test.o] Error 1
make[1]: *** [CMakeFiles/test.dir/all] Error 2
make: *** [all] Error 2
Michaels-MacBook-Pro-8:heartrate_cpp MichaelKellman$ make
Scanning dependencies of target test
[100%] Building CXX object CMakeFiles/test.dir/test.o
Linking CXX executable test
Undefined symbols for architecture x86_64:
  "Jade(double*, double*, int, int)", referenced from:
      _main in test.o
ld: symbol(s) not found for architecture x86_64
clang: error: linker command failed with exit code 1 (use -v to see invocation)
make[2]: *** [test] Error 1
make[1]: *** [CMakeFiles/test.dir/all] Error 2
make: *** [all] Error 2
Michaels-MacBook-Pro-8:heartrate_cpp MichaelKellman$ make -v
GNU Make 3.81
Copyright (C) 2006  Free Software Foundation, Inc.
This is free software; see the source for copying conditions.
There is NO warranty; not even for MERCHANTABILITY or FITNESS FOR A
PARTICULAR PURPOSE.

This program built for i386-apple-darwin11.3.0
Michaels-MacBook-Pro-8:heartrate_cpp MichaelKellman$ make
Linking CXX executable test
Undefined symbols for architecture x86_64:
  "Jade(double*, double*, int, int)", referenced from:
      _main in test.o
ld: symbol(s) not found for architecture x86_64
clang: error: linker command failed with exit code 1 (use -v to see invocation)
make[2]: *** [test] Error 1
make[1]: *** [CMakeFiles/test.dir/all] Error 2
make: *** [all] Error 2
Michaels-MacBook-Pro-8:heartrate_cpp MichaelKellman$ make
Scanning dependencies of target test
[100%] Building CXX object CMakeFiles/test.dir/test.o
Linking CXX executable test
Undefined symbols for architecture x86_64:
  "Jade(double*, double*, int, int)", referenced from:
      _main in test.o
ld: symbol(s) not found for architecture x86_64
clang: error: linker command failed with exit code 1 (use -v to see invocation)
make[2]: *** [test] Error 1
make[1]: *** [CMakeFiles/test.dir/all] Error 2
make: *** [all] Error 2
Michaels-MacBook-Pro-8:heartrate_cpp MichaelKellman$ make
Scanning dependencies of target test
[100%] Building CXX object CMakeFiles/test.dir/test.o
/Users/MichaelKellman/Desktop/Capstone/heartrate_cpp/test.cpp:6:17: error: 
      expected namespace name
using namespace cv;
                ^
1 error generated.
make[2]: *** [CMakeFiles/test.dir/test.o] Error 1
make[1]: *** [CMakeFiles/test.dir/all] Error 2
make: *** [all] Error 2
Michaels-MacBook-Pro-8:heartrate_cpp MichaelKellman$ make
Scanning dependencies of target test
[100%] Building CXX object CMakeFiles/test.dir/test.o
Linking CXX executable test
Undefined symbols for architecture x86_64:
  "Jade(double*, double*, int, int)", referenced from:
      _main in test.o
ld: symbol(s) not found for architecture x86_64
clang: error: linker command failed with exit code 1 (use -v to see invocation)
make[2]: *** [test] Error 1
make[1]: *** [CMakeFiles/test.dir/all] Error 2
make: *** [all] Error 2
Michaels-MacBook-Pro-8:heartrate_cpp MichaelKellman$ make
Scanning dependencies of target test
[100%] Building CXX object CMakeFiles/test.dir/test.o
Linking CXX executable test
Undefined symbols for architecture x86_64:
  "Jade(double*, double*, int, int)", referenced from:
      _main in test.o
ld: symbol(s) not found for architecture x86_64
clang: error: linker command failed with exit code 1 (use -v to see invocation)
make[2]: *** [test] Error 1
make[1]: *** [CMakeFiles/test.dir/all] Error 2
make: *** [all] Error 2
Michaels-MacBook-Pro-8:heartrate_cpp MichaelKellman$ make
Scanning dependencies of target test
[100%] Building CXX object CMakeFiles/test.dir/test.o
Linking CXX executable test
Undefined symbols for architecture x86_64:
  "OutOfMemory()", referenced from:
      _main in test.o
  "MatMultSimple(double*, double*, double*, int, int, int)", referenced from:
      _main in test.o
  "Jade(double*, double*, int, int)", referenced from:
      _main in test.o
  "Shibbs(double*, double*, int, int)", referenced from:
      _main in test.o
  "Uniform(double*, int)", referenced from:
      _main in test.o
  "Gaussian(double*, int)", referenced from:
      _main in test.o
  "PrintMat(double*, int, int)", referenced from:
      _main in test.o
  "Transform(double*, double*, int, int)", referenced from:
      _main in test.o
ld: symbol(s) not found for architecture x86_64
clang: error: linker command failed with exit code 1 (use -v to see invocation)
make[2]: *** [test] Error 1
make[1]: *** [CMakeFiles/test.dir/all] Error 2
make: *** [all] Error 2
Michaels-MacBook-Pro-8:heartrate_cpp MichaelKellman$ make
CMake Warning (dev) at CMakeLists.txt:5 (add_executable):
  Policy CMP0037 is not set: Target names should not be reserved and should
  match a validity pattern.  Run "cmake --help-policy CMP0037" for policy
  details.  Use the cmake_policy command to set the policy and suppress this
  warning.

  The target name "test" is reserved or not valid for certain CMake features,
  such as generator expressions, and may result in undefined behavior.
This warning is for project developers.  Use -Wno-dev to suppress it.

-- Configuring done
-- Generating done
-- Build files have been written to: /Users/MichaelKellman/Desktop/Capstone/heartrate_cpp
Scanning dependencies of target test
[100%] Building C object CMakeFiles/test.dir/test.o
/Users/MichaelKellman/Desktop/Capstone/heartrate_cpp/test.c:5:10: fatal error: 
      'iostream' file not found
#include <iostream>
         ^
1 error generated.
make[2]: *** [CMakeFiles/test.dir/test.o] Error 1
make[1]: *** [CMakeFiles/test.dir/all] Error 2
make: *** [all] Error 2
Michaels-MacBook-Pro-8:heartrate_cpp MichaelKellman$ make
[100%] Building C object CMakeFiles/test.dir/test.o
/Users/MichaelKellman/Desktop/Capstone/heartrate_cpp/test.c:5:10: fatal error: 
      'iostream' file not found
#include <iostream>
         ^
1 error generated.
make[2]: *** [CMakeFiles/test.dir/test.o] Error 1
make[1]: *** [CMakeFiles/test.dir/all] Error 2
make: *** [all] Error 2
Michaels-MacBook-Pro-8:heartrate_cpp MichaelKellman$ make
Scanning dependencies of target test
[100%] Building C object CMakeFiles/test.dir/test.o
/Users/MichaelKellman/Desktop/Capstone/heartrate_cpp/test.c:2:10: fatal error: 
      'cstdlib.h' file not found
#include <cstdlib.h>
         ^
1 error generated.
make[2]: *** [CMakeFiles/test.dir/test.o] Error 1
make[1]: *** [CMakeFiles/test.dir/all] Error 2
make: *** [all] Error 2
Michaels-MacBook-Pro-8:heartrate_cpp MichaelKellman$ make
Scanning dependencies of target test
[100%] Building C object CMakeFiles/test.dir/test.o
/Users/MichaelKellman/Desktop/Capstone/heartrate_cpp/test.c:2:10: fatal error: 
      'cstdlib.h' file not found
#include <cstdlib.h>
         ^
1 error generated.
make[2]: *** [CMakeFiles/test.dir/test.o] Error 1
make[1]: *** [CMakeFiles/test.dir/all] Error 2
make: *** [all] Error 2
Michaels-MacBook-Pro-8:heartrate_cpp MichaelKellman$ make
Scanning dependencies of target test
[100%] Building C object CMakeFiles/test.dir/test.o
/Users/MichaelKellman/Desktop/Capstone/heartrate_cpp/test.c:6:10: fatal error: 
      'cstdio' file not found
#include <cstdio>
         ^
1 error generated.
make[2]: *** [CMakeFiles/test.dir/test.o] Error 1
make[1]: *** [CMakeFiles/test.dir/all] Error 2
make: *** [all] Error 2
Michaels-MacBook-Pro-8:heartrate_cpp MichaelKellman$ make
Scanning dependencies of target test
[100%] Building C object CMakeFiles/test.dir/test.o
In file included from /Users/MichaelKellman/Desktop/Capstone/heartrate_cpp/test.c:8:
In file included from /usr/local/include/opencv2/opencv.hpp:52:
In file included from /usr/local/include/opencv2/video/video.hpp:47:
/usr/local/include/opencv2/video/background_segm.hpp:47:10: fatal error: 'list'
      file not found
#include <list>
         ^
1 error generated.
make[2]: *** [CMakeFiles/test.dir/test.o] Error 1
make[1]: *** [CMakeFiles/test.dir/all] Error 2
make: *** [all] Error 2
Michaels-MacBook-Pro-8:heartrate_cpp MichaelKellman$ make
Scanning dependencies of target test
[100%] Building C object CMakeFiles/test.dir/test.o
In file included from /Users/MichaelKellman/Desktop/Capstone/heartrate_cpp/test.c:8:
In file included from /usr/local/include/opencv2/opencv.hpp:52:
In file included from /usr/local/include/opencv2/video/video.hpp:47:
/usr/local/include/opencv2/video/background_segm.hpp:47:10: fatal error: 'list'
      file not found
#include <list>
         ^
1 error generated.
make[2]: *** [CMakeFiles/test.dir/test.o] Error 1
make[1]: *** [CMakeFiles/test.dir/all] Error 2
make: *** [all] Error 2
Michaels-MacBook-Pro-8:heartrate_cpp MichaelKellman$ make
Scanning dependencies of target test
[100%] Building C object CMakeFiles/test.dir/test.o
/Users/MichaelKellman/Desktop/Capstone/heartrate_cpp/test.c:12:1: error: 
      unknown type name 'using'
using namespace std;
^
/Users/MichaelKellman/Desktop/Capstone/heartrate_cpp/test.c:12:16: error: 
      expected ';' after top level declarator
using namespace std;
               ^
               ;
/Users/MichaelKellman/Desktop/Capstone/heartrate_cpp/test.c:13:1: error: 
      unknown type name 'using'
using namespace cv;
^
/Users/MichaelKellman/Desktop/Capstone/heartrate_cpp/test.c:13:16: error: 
      expected ';' after top level declarator
using namespace cv;
               ^
               ;
/Users/MichaelKellman/Desktop/Capstone/heartrate_cpp/test.c:36:28: warning: 
      implicitly declaring library function 'calloc' with type 'void *(unsigned
      long, unsigned long)'
  if ((Data   = (double *) calloc(nbsensors*nbsamples, sizeof(double))) ...
                           ^
/Users/MichaelKellman/Desktop/Capstone/heartrate_cpp/test.c:36:28: note: please
      include the header <stdlib.h> or explicitly provide a declaration for
      'calloc'
/Users/MichaelKellman/Desktop/Capstone/heartrate_cpp/test.c:36:76: error: use of
      undeclared identifier 'NULL'
  ...= (double *) calloc(nbsensors*nbsamples, sizeof(double))) == NULL) OutOf...
                                                                  ^
/Users/MichaelKellman/Desktop/Capstone/heartrate_cpp/test.c:37:76: error: use of
      undeclared identifier 'NULL'
  ...= (double *) calloc(nbsensors*nbsensors, sizeof(double))) == NULL) OutOf...
                                                                  ^
/Users/MichaelKellman/Desktop/Capstone/heartrate_cpp/test.c:38:76: error: use of
      undeclared identifier 'NULL'
  ...= (double *) calloc(nbsensors*nbsensors, sizeof(double))) == NULL) OutOf...
                                                                  ^
/Users/MichaelKellman/Desktop/Capstone/heartrate_cpp/test.c:39:76: error: use of
      undeclared identifier 'NULL'
  ...= (double *) calloc(nbsensors*nbsensors, sizeof(double))) == NULL) OutOf...
                                                                  ^
/Users/MichaelKellman/Desktop/Capstone/heartrate_cpp/test.c:41:3: warning: 
      implicit declaration of function 'srand' is invalid in C99
      [-Wimplicit-function-declaration]
  srand (time (0)) ; 
  ^
/Users/MichaelKellman/Desktop/Capstone/heartrate_cpp/test.c:41:10: warning: 
      implicit declaration of function 'time' is invalid in C99
      [-Wimplicit-function-declaration]
  srand (time (0)) ; 
         ^
/Users/MichaelKellman/Desktop/Capstone/heartrate_cpp/test.c:43:3: warning: 
      implicitly declaring library function 'printf' with type
      'int (const char *, ...)'
  printf("Generating data...\n") ;
  ^
/Users/MichaelKellman/Desktop/Capstone/heartrate_cpp/test.c:43:3: note: please
      include the header <stdio.h> or explicitly provide a declaration for
      'printf'
/Users/MichaelKellman/Desktop/Capstone/heartrate_cpp/test.c:88:3: warning: 
      implicit declaration of function 'free' is invalid in C99
      [-Wimplicit-function-declaration]
  free(Data);
  ^
5 warnings and 8 errors generated.
make[2]: *** [CMakeFiles/test.dir/test.o] Error 1
make[1]: *** [CMakeFiles/test.dir/all] Error 2
make: *** [all] Error 2
Michaels-MacBook-Pro-8:heartrate_cpp MichaelKellman$ make
Scanning dependencies of target test
[100%] Building C object CMakeFiles/test.dir/test.o
Linking CXX executable test
Undefined symbols for architecture x86_64:
  "_Gaussian", referenced from:
      _main in test.o
  "_Jade", referenced from:
      _main in test.o
  "_MatMultSimple", referenced from:
      _main in test.o
  "_OutOfMemory", referenced from:
      _main in test.o
  "_PrintMat", referenced from:
      _main in test.o
  "_Shibbs", referenced from:
      _main in test.o
  "_Transform", referenced from:
      _main in test.o
  "_Uniform", referenced from:
      _main in test.o
ld: symbol(s) not found for architecture x86_64
clang: error: linker command failed with exit code 1 (use -v to see invocation)
make[2]: *** [test] Error 1
make[1]: *** [CMakeFiles/test.dir/all] Error 2
make: *** [all] Error 2
Michaels-MacBook-Pro-8:heartrate_cpp MichaelKellman$ gcc -c test.cpp -o test.o
test.cpp:8:10: fatal error: 'opencv2/opencv.hpp' file not found
#include "opencv2/opencv.hpp"
         ^
1 error generated.
Michaels-MacBook-Pro-8:heartrate_cpp MichaelKellman$ gcc -c test.c -o test.o
Michaels-MacBook-Pro-8:heartrate_cpp MichaelKellman$ ls
CMakeCache.txt		Makefile		test.cpp
CMakeFiles		cmake_install.cmake	test.o
CMakeLists.txt		linasm-1.1(stable)
JnS-1.2			test.c
Michaels-MacBook-Pro-8:heartrate_cpp MichaelKellman$ gcc -c JnS-1.2/JnS.c -o Jade.o
JnS-1.2/JnS.c:70:21: warning: format string is not a string literal
      (potentially insecure) [-Wformat-security]
    fprintf(stderr, mess);
                    ^~~~
1 warning generated.
Michaels-MacBook-Pro-8:heartrate_cpp MichaelKellman$ 
Michaels-MacBook-Pro-8:heartrate_cpp MichaelKellman$ 
Michaels-MacBook-Pro-8:heartrate_cpp MichaelKellman$ ls
CMakeCache.txt		JnS-1.2			test.c
CMakeFiles		Makefile		test.cpp
CMakeLists.txt		cmake_install.cmake	test.o
Jade.o			linasm-1.1(stable)
Michaels-MacBook-Pro-8:heartrate_cpp MichaelKellman$ rm Jade.o
Michaels-MacBook-Pro-8:heartrate_cpp MichaelKellman$ ls
CMakeCache.txt		Makefile		test.cpp
CMakeFiles		cmake_install.cmake	test.o
CMakeLists.txt		linasm-1.1(stable)
JnS-1.2			test.c
Michaels-MacBook-Pro-8:heartrate_cpp MichaelKellman$ gcc -c JnS-1.2/JnS.c -o JnS.o
JnS-1.2/JnS.c:70:21: warning: format string is not a string literal
      (potentially insecure) [-Wformat-security]
    fprintf(stderr, mess);
                    ^~~~
1 warning generated.
Michaels-MacBook-Pro-8:heartrate_cpp MichaelKellman$ 
Michaels-MacBook-Pro-8:heartrate_cpp MichaelKellman$ ls
CMakeCache.txt		JnS.o			test.c
CMakeFiles		Makefile		test.cpp
CMakeLists.txt		cmake_install.cmake	test.o
JnS-1.2			linasm-1.1(stable)
Michaels-MacBook-Pro-8:heartrate_cpp MichaelKellman$ ls
CMakeCache.txt		JnS.o			test.c
CMakeFiles		Makefile		test.cpp
CMakeLists.txt		cmake_install.cmake	test.o
JnS-1.2			linasm-1.1(stable)
Michaels-MacBook-Pro-8:heartrate_cpp MichaelKellman$ gcc JnS.o test.o test
clang: error: no such file or directory: 'test'
Michaels-MacBook-Pro-8:heartrate_cpp MichaelKellman$ gcc JnS.o test.o -o test
Undefined symbols for architecture x86_64:
  "_Gaussian", referenced from:
      _main in test.o
  "_MatMultSimple", referenced from:
      _main in test.o
  "_PrintMat", referenced from:
      _main in test.o
  "_Uniform", referenced from:
      _main in test.o
ld: symbol(s) not found for architecture x86_64
clang: error: linker command failed with exit code 1 (use -v to see invocation)
Michaels-MacBook-Pro-8:heartrate_cpp MichaelKellman$ gcc JnS
JnS-1.2/ JnS.o    
Michaels-MacBook-Pro-8:heartrate_cpp MichaelKellman$ gcc JnS
JnS-1.2/ JnS.o    
Michaels-MacBook-Pro-8:heartrate_cpp MichaelKellman$ gcc -c JnS-1.2/Matutil.c -o Matutil.o
Michaels-MacBook-Pro-8:heartrate_cpp MichaelKellman$ gcc Matutil.o JnS.o test.o -o test
Michaels-MacBook-Pro-8:heartrate_cpp MichaelKellman$ ./test
Generating data...
Mixing...
Estimating the mixture...
Global system:
 0.01443  0.02533 -1.74979  0.00271  0.02086  0.04838  0.00992 -0.01773 
-0.02742  1.66239 -0.02397 -0.00665  0.00738 -0.01892  0.01112  0.03623 
 0.08773 -0.04714 -0.02967  0.04073 -0.02225 -1.71533  0.03875 -0.02791 
 0.01469  0.01808  0.06166  0.07461  0.02450 -0.00829 -1.69170 -0.03029 
-0.01362 -0.04059 -0.06414 -0.02662 -0.02580  0.07226  0.02143  1.72218 
-0.01931  0.02802 -0.00033  1.74037 -0.01250 -0.02192 -0.05404 -0.04683 
 0.11082 -0.07094 -0.05698 -0.04671  1.72891 -0.01379 -0.02767 -0.00846 
-1.70732  0.01817  0.00824 -0.00264 -0.06921 -0.04333  0.00339 -0.00504 
Equivariance ?...
-0.00113  0.99995 -0.00538 -0.00410 -0.00075  0.00590 -0.00186 -0.00447 
-0.00905  0.00184 -0.00486  0.00041  0.00270 -0.00253  0.99994 -0.00069 
 0.00881  0.00540  0.99991 -0.00332  0.00481  0.00108  0.00492  0.00245 
 0.00475  0.00413  0.00326  0.99997  0.00099 -0.00107 -0.00036  0.00030 
 0.00088  0.00074 -0.00482 -0.00098  0.99997 -0.00026 -0.00271  0.00522 
 0.00282  0.00447 -0.00248 -0.00032 -0.00524 -0.00288  0.00070  0.99996 
-0.00373 -0.00588 -0.00103  0.00111  0.00026  0.99997  0.00250  0.00291 
 0.99990  0.00104 -0.00887 -0.00471 -0.00089  0.00372  0.00902 -0.00285 
Michaels-MacBook-Pro-8:heartrate_cpp MichaelKellman$ rm test
Michaels-MacBook-Pro-8:heartrate_cpp MichaelKellman$ gcc Matutil.o JnS.o test.o -o test
Michaels-MacBook-Pro-8:heartrate_cpp MichaelKellman$ ./test
Generating data...
Mixing...
Estimating the mixture...
Global system:
 0.03830  0.03929  1.72920  0.04046 -0.01761  0.00814  0.03040 -0.00845 
 0.02478 -0.01191  0.05820  0.05031 -1.77582 -0.02036 -0.00517  0.02897 
 1.74541  0.02232  0.02032 -0.02329 -0.01692  0.08531  0.00391 -0.02337 
 0.00760 -0.01885  0.02818 -1.70458  0.04081  0.04052  0.01889  0.03433 
 0.03983  1.75083 -0.02519 -0.06611  0.00826  0.01815 -0.02170 -0.05360 
-0.00835  0.06606  0.03644  0.01225  0.07622  1.75255  0.00060 -0.03711 
 0.08182  0.02926 -0.08245 -0.00731 -0.10910  0.00668 -0.06840 -1.77129 
-0.02161  0.02511 -0.03448  0.02137  0.05357  0.01540  1.71132 -0.04706 
Equivariance ?...
 0.99999 -0.00038 -0.00100 -0.00066  0.00032 -0.00068  0.00051 -0.00410 
-0.00030 -0.00826  0.00211  0.00618  0.99992 -0.00215 -0.00381  0.00457 
 0.00069 -0.00131  0.00216 -0.00165  0.00213  0.99999 -0.00029  0.00225 
-0.00034 -0.99991  0.00268  0.00085 -0.00833 -0.00131 -0.00796  0.00631 
 0.00101  0.00275  0.99997 -0.00210 -0.00211 -0.00217 -0.00430  0.00344 
-0.00064 -0.00081 -0.00214 -0.99992  0.00612 -0.00167 -0.00953  0.00381 
-0.00045 -0.00790  0.00427 -0.00945  0.00372  0.00021  0.99980  0.01436 
 0.00411  0.00646 -0.00353  0.00392 -0.00459 -0.00222 -0.01424  0.99984 
Michaels-MacBook-Pro-8:heartrate_cpp MichaelKellman$ 
Michaels-MacBook-Pro-8:heartrate_cpp MichaelKellman$ 
Michaels-MacBook-Pro-8:heartrate_cpp MichaelKellman$ 
Michaels-MacBook-Pro-8:heartrate_cpp MichaelKellman$ rm test
Michaels-MacBook-Pro-8:heartrate_cpp MichaelKellman$ gcc -c test.cpp -o test.o
test.cpp:42:82: error: use of undeclared identifier 'OutOfMemory'
  ...(double *) calloc(nbsensors*nbsamples, sizeof(double))) == NULL) OutOfMe...
                                                                      ^
test.cpp:43:82: error: use of undeclared identifier 'OutOfMemory'
  ...(double *) calloc(nbsensors*nbsensors, sizeof(double))) == NULL) OutOfMe...
                                                                      ^
test.cpp:44:82: error: use of undeclared identifier 'OutOfMemory'
  ...(double *) calloc(nbsensors*nbsensors, sizeof(double))) == NULL) OutOfMe...
                                                                      ^
test.cpp:45:82: error: use of undeclared identifier 'OutOfMemory'
  ...(double *) calloc(nbsensors*nbsensors, sizeof(double))) == NULL) OutOfMe...
                                                                      ^
test.cpp:51:3: error: use of undeclared identifier 'Uniform'
  Uniform (Data, nbsensors*nbsamples ) ;  
  ^
test.cpp:55:3: error: use of undeclared identifier 'Gaussian'
  Gaussian(Mixing, nbsensors*nbsensors) ; 
  ^
test.cpp:61:3: error: use of undeclared identifier 'Transform'
  Transform (Data, Mixing, nbsensors, nbsamples ) ;
  ^
test.cpp:74:3: error: use of undeclared identifier 'Shibbs'
  Shibbs(Transf, Data, nbsensors, nbsamples ) ;
  ^
test.cpp:77:3: error: use of undeclared identifier 'MatMultSimple'
  MatMultSimple(Global, Transf, Mixing, nbsensors,nbsensors,nbsensors) ;
  ^
test.cpp:78:3: error: use of undeclared identifier 'PrintMat'
  PrintMat(Global, nbsensors,nbsensors) ;
  ^
test.cpp:83:3: error: use of undeclared identifier 'Jade'
  Jade(Transf, Data, nbsensors, nbsamples ) ; 
  ^
test.cpp:85:3: error: use of undeclared identifier 'PrintMat'
  PrintMat(Transf, nbsensors,nbsensors) ;
  ^
12 errors generated.
Michaels-MacBook-Pro-8:heartrate_cpp MichaelKellman$ gcc -c test.cpp JnS.o Ma-o test.o
Makefile   Matutil.o  
Michaels-MacBook-Pro-8:heartrate_cpp MichaelKellman$ gcc -c test.cpp JnS.o Matutil.o -o test.o
clang: warning: JnS.o: 'linker' input unused
clang: warning: Matutil.o: 'linker' input unused
test.cpp:42:82: error: use of undeclared identifier 'OutOfMemory'
  ...(double *) calloc(nbsensors*nbsamples, sizeof(double))) == NULL) OutOfMe...
                                                                      ^
test.cpp:43:82: error: use of undeclared identifier 'OutOfMemory'
  ...(double *) calloc(nbsensors*nbsensors, sizeof(double))) == NULL) OutOfMe...
                                                                      ^
test.cpp:44:82: error: use of undeclared identifier 'OutOfMemory'
  ...(double *) calloc(nbsensors*nbsensors, sizeof(double))) == NULL) OutOfMe...
                                                                      ^
test.cpp:45:82: error: use of undeclared identifier 'OutOfMemory'
  ...(double *) calloc(nbsensors*nbsensors, sizeof(double))) == NULL) OutOfMe...
                                                                      ^
test.cpp:51:3: error: use of undeclared identifier 'Uniform'
  Uniform (Data, nbsensors*nbsamples ) ;  
  ^
test.cpp:55:3: error: use of undeclared identifier 'Gaussian'
  Gaussian(Mixing, nbsensors*nbsensors) ; 
  ^
test.cpp:61:3: error: use of undeclared identifier 'Transform'
  Transform (Data, Mixing, nbsensors, nbsamples ) ;
  ^
test.cpp:74:3: error: use of undeclared identifier 'Shibbs'
  Shibbs(Transf, Data, nbsensors, nbsamples ) ;
  ^
test.cpp:77:3: error: use of undeclared identifier 'MatMultSimple'
  MatMultSimple(Global, Transf, Mixing, nbsensors,nbsensors,nbsensors) ;
  ^
test.cpp:78:3: error: use of undeclared identifier 'PrintMat'
  PrintMat(Global, nbsensors,nbsensors) ;
  ^
test.cpp:83:3: error: use of undeclared identifier 'Jade'
  Jade(Transf, Data, nbsensors, nbsamples ) ; 
  ^
test.cpp:85:3: error: use of undeclared identifier 'PrintMat'
  PrintMat(Transf, nbsensors,nbsensors) ;
  ^
12 errors generated.
Michaels-MacBook-Pro-8:heartrate_cpp MichaelKellman$ 
Michaels-MacBook-Pro-8:heartrate_cpp MichaelKellman$ 
Michaels-MacBook-Pro-8:heartrate_cpp MichaelKellman$ 
Michaels-MacBook-Pro-8:heartrate_cpp MichaelKellman$ 
Michaels-MacBook-Pro-8:heartrate_cpp MichaelKellman$ gcc -c test.cpp JnS.o Matutil.o -o test.o
clang: warning: JnS.o: 'linker' input unused
clang: warning: Matutil.o: 'linker' input unused
Michaels-MacBook-Pro-8:heartrate_cpp MichaelKellman$ gcc -c test.cpp -o test.o
Michaels-MacBook-Pro-8:heartrate_cpp MichaelKellman$ gcc test.o -o test
Undefined symbols for architecture x86_64:
  "OutOfMemory()", referenced from:
      _main in test.o
  "MatMultSimple(double*, double*, double*, int, int, int)", referenced from:
      _main in test.o
  "Jade(double*, double*, int, int)", referenced from:
      _main in test.o
  "Shibbs(double*, double*, int, int)", referenced from:
      _main in test.o
  "Uniform(double*, int)", referenced from:
      _main in test.o
  "Gaussian(double*, int)", referenced from:
      _main in test.o
  "PrintMat(double*, int, int)", referenced from:
      _main in test.o
  "Transform(double*, double*, int, int)", referenced from:
      _main in test.o
ld: symbol(s) not found for architecture x86_64
clang: error: linker command failed with exit code 1 (use -v to see invocation)
Michaels-MacBook-Pro-8:heartrate_cpp MichaelKellman$ gcc test.o Matutil.o JnS.o -o test
Undefined symbols for architecture x86_64:
  "OutOfMemory()", referenced from:
      _main in test.o
  "MatMultSimple(double*, double*, double*, int, int, int)", referenced from:
      _main in test.o
  "Jade(double*, double*, int, int)", referenced from:
      _main in test.o
  "Shibbs(double*, double*, int, int)", referenced from:
      _main in test.o
  "Uniform(double*, int)", referenced from:
      _main in test.o
  "Gaussian(double*, int)", referenced from:
      _main in test.o
  "PrintMat(double*, int, int)", referenced from:
      _main in test.o
  "Transform(double*, double*, int, int)", referenced from:
      _main in test.o
ld: symbol(s) not found for architecture x86_64
clang: error: linker command failed with exit code 1 (use -v to see invocation)
Michaels-MacBook-Pro-8:heartrate_cpp MichaelKellman$ 
Michaels-MacBook-Pro-8:heartrate_cpp MichaelKellman$ 
Michaels-MacBook-Pro-8:heartrate_cpp MichaelKellman$ 
Michaels-MacBook-Pro-8:heartrate_cpp MichaelKellman$ 
Michaels-MacBook-Pro-8:heartrate_cpp MichaelKellman$ 
Michaels-MacBook-Pro-8:heartrate_cpp MichaelKellman$ 
Michaels-MacBook-Pro-8:heartrate_cpp MichaelKellman$ 
Michaels-MacBook-Pro-8:heartrate_cpp MichaelKellman$ 
Michaels-MacBook-Pro-8:heartrate_cpp MichaelKellman$ 
Michaels-MacBook-Pro-8:heartrate_cpp MichaelKellman$ g++ -c JnS-1.2/JnS.c -o JnS.o
clang: warning: treating 'c' input as 'c++' when in C++ mode, this behavior is deprecated
JnS-1.2/JnS.c:70:21: warning: format string is not a string literal
      (potentially insecure) [-Wformat-security]
    fprintf(stderr, mess);
                    ^~~~
JnS-1.2/JnS.c:395:15: warning: conversion from string literal to 'char *' is
      deprecated [-Wc++11-compat-deprecated-writable-strings]
  Message0(3, "Memory allocation and reset...\n");
              ^
JnS-1.2/JnS.c:404:15: warning: conversion from string literal to 'char *' is
      deprecated [-Wc++11-compat-deprecated-writable-strings]
  Message0(3, "Computing some moments...\n");
              ^
JnS-1.2/JnS.c:427:15: warning: conversion from string literal to 'char *' is
      deprecated [-Wc++11-compat-deprecated-writable-strings]
  Message0(3, "From moments to cumulants...\n");  
              ^
JnS-1.2/JnS.c:471:15: warning: conversion from string literal to 'char *' is
      deprecated [-Wc++11-compat-deprecated-writable-strings]
  Message0(3, "Computing 2nd order cumulants...\n"); 
              ^
JnS-1.2/JnS.c:484:15: warning: conversion from string literal to 'char *' is
      deprecated [-Wc++11-compat-deprecated-writable-strings]
  Message0(3, "Computing 4th order cumulants...\n");
              ^
JnS-1.2/JnS.c:550:15: warning: conversion from string literal to 'char *' is
      deprecated [-Wc++11-compat-deprecated-writable-strings]
  Message0(2, "Init...\n") ;
              ^
JnS-1.2/JnS.c:554:15: warning: conversion from string literal to 'char *' is
      deprecated [-Wc++11-compat-deprecated-writable-strings]
  Message0(2, "Whitening...\n") ;
              ^
JnS-1.2/JnS.c:561:19: warning: conversion from string literal to 'char *' is
      deprecated [-Wc++11-compat-deprecated-writable-strings]
      Message0(2, "Computing cumulant matrices...\n") ;
                  ^
JnS-1.2/JnS.c:564:19: warning: conversion from string literal to 'char *' is
      deprecated [-Wc++11-compat-deprecated-writable-strings]
      Message0(2, "Joint diagonalization...\n") ;
                  ^
JnS-1.2/JnS.c:566:19: warning: conversion from string literal to 'char *' is
      deprecated [-Wc++11-compat-deprecated-writable-strings]
      MessageI(3, "Total number of plane rotations: %6i.\n", rots) ;
                  ^
JnS-1.2/JnS.c:567:19: warning: conversion from string literal to 'char *' is
      deprecated [-Wc++11-compat-deprecated-writable-strings]
      MessageF(3, "Size of the total rotation: %10.7e\n", NonIdentity(Tr...
                  ^
JnS-1.2/JnS.c:569:19: warning: conversion from string literal to 'char *' is
      deprecated [-Wc++11-compat-deprecated-writable-strings]
      Message0(2, "Updating...\n") ;
                  ^
JnS-1.2/JnS.c:593:15: warning: conversion from string literal to 'char *' is
      deprecated [-Wc++11-compat-deprecated-writable-strings]
  Message0(2, "Init...\n") ;
              ^
JnS-1.2/JnS.c:598:15: warning: conversion from string literal to 'char *' is
      deprecated [-Wc++11-compat-deprecated-writable-strings]
  Message0(2, "Whitening...\n") ;
              ^
JnS-1.2/JnS.c:603:15: warning: conversion from string literal to 'char *' is
      deprecated [-Wc++11-compat-deprecated-writable-strings]
  Message0(2, "Estimating the cumulant tensor...\n") ;
              ^
JnS-1.2/JnS.c:606:15: warning: conversion from string literal to 'char *' is
      deprecated [-Wc++11-compat-deprecated-writable-strings]
  Message0(2, "Joint diagonalization...\n") ;
              ^
JnS-1.2/JnS.c:608:15: warning: conversion from string literal to 'char *' is
      deprecated [-Wc++11-compat-deprecated-writable-strings]
  MessageI(3, "Total number of plane rotations: %6i.\n", rots) ;
              ^
JnS-1.2/JnS.c:609:15: warning: conversion from string literal to 'char *' is
      deprecated [-Wc++11-compat-deprecated-writable-strings]
  MessageF(3, "Size of the total rotation: %10.7e\n", NonIdentity(Transf...
              ^
JnS-1.2/JnS.c:611:15: warning: conversion from string literal to 'char *' is
      deprecated [-Wc++11-compat-deprecated-writable-strings]
  Message0(2, "Updating...\n") ;
              ^
20 warnings generated.
Michaels-MacBook-Pro-8:heartrate_cpp MichaelKellman$ 
Michaels-MacBook-Pro-8:heartrate_cpp MichaelKellman$ 
Michaels-MacBook-Pro-8:heartrate_cpp MichaelKellman$ 
Michaels-MacBook-Pro-8:heartrate_cpp MichaelKellman$ 
Michaels-MacBook-Pro-8:heartrate_cpp MichaelKellman$ g++ -c JnS-1.2/Mat
MatlabjadeR.m    Matutil.c        Matutil.o        
MatlabshibbsR.m  Matutil.h        
Michaels-MacBook-Pro-8:heartrate_cpp MichaelKellman$ g++ -c JnS-1.2/Matutil.c -o Matutil.o 
clang: warning: treating 'c' input as 'c++' when in C++ mode, this behavior is deprecated
Michaels-MacBook-Pro-8:heartrate_cpp MichaelKellman$ 
Michaels-MacBook-Pro-8:heartrate_cpp MichaelKellman$ 
Michaels-MacBook-Pro-8:heartrate_cpp MichaelKellman$ g++ -c test.cpp -o test.o
Michaels-MacBook-Pro-8:heartrate_cpp MichaelKellman$ g++ test.o JnS.o Matutil.o -o test
Michaels-MacBook-Pro-8:heartrate_cpp MichaelKellman$ ./test
Generating data...
Mixing...
Estimating the mixture...
Global system:
 0.03335  1.81249 -0.07423 -0.04607 -0.01480  0.00432 -0.06461  0.01595 
 0.03744 -0.00707 -0.06736 -0.06083 -1.74948 -0.04900 -0.03396  0.05455 
 1.75690  0.00556 -0.02622 -0.01033  0.04142  0.03437 -0.01249 -0.01211 
-0.08057 -0.00458 -0.03284 -1.76194 -0.01250  0.05973  0.00093 -0.06244 
 0.05361  0.01149 -0.00668  0.03430 -0.03275  0.03494 -0.01194  1.76662 
-0.04613  0.04609 -1.73248  0.00403 -0.11109 -0.07505 -0.01498  0.02118 
 0.10488 -0.00441 -0.04188 -0.05739 -0.00301  0.02586 -1.76549 -0.00761 
 0.00323 -0.02478 -0.03567  0.06066 -0.03734 -1.76570 -0.01597  0.00746 
Equivariance ?...
-0.00278 -0.99997  0.00119 -0.00383 -0.00507 -0.00315  0.00194  0.00180 
 0.99995 -0.00283  0.00252  0.00320  0.00380  0.00114 -0.00259 -0.00737 
-0.00252  0.00118  0.99998 -0.00092  0.00438  0.00128 -0.00180  0.00227 
 0.00116  0.00318  0.00129 -0.00236 -0.00510 -0.99996 -0.00562  0.00018 
-0.00370 -0.00502 -0.00440 -0.00156  0.99989 -0.00513  0.00218  0.01128 
-0.00321 -0.00382  0.00091  0.99998  0.00151 -0.00237 -0.00261  0.00163 
 0.00259  0.00196  0.00183  0.00262 -0.00217 -0.00561  0.99997 -0.00074 
 0.00743  0.00184 -0.00221 -0.00157 -0.01125  0.00025  0.00070  0.99990 
Michaels-MacBook-Pro-8:heartrate_cpp MichaelKellman$ ls
CMakeCache.txt		JnS.o			linasm-1.1(stable)	test.o
CMakeFiles		Makefile		test
CMakeLists.txt		Matutil.o		test.c
JnS-1.2			cmake_install.cmake	test.cpp
Michaels-MacBook-Pro-8:heartrate_cpp MichaelKellman$ rm Matutil.o 
Michaels-MacBook-Pro-8:heartrate_cpp MichaelKellman$ rm JnS.o
Michaels-MacBook-Pro-8:heartrate_cpp MichaelKellman$ rm test.o
Michaels-MacBook-Pro-8:heartrate_cpp MichaelKellman$ ls
CMakeCache.txt		JnS-1.2			linasm-1.1(stable)	test.cpp
CMakeFiles		Makefile		test
CMakeLists.txt		cmake_install.cmake	test.c
Michaels-MacBook-Pro-8:heartrate_cpp MichaelKellman$ rm test
Michaels-MacBook-Pro-8:heartrate_cpp MichaelKellman$ ls
CMakeCache.txt		JnS-1.2			linasm-1.1(stable)
CMakeFiles		Makefile		test.c
CMakeLists.txt		cmake_install.cmake	test.cpp
Michaels-MacBook-Pro-8:heartrate_cpp MichaelKellman$ 
Michaels-MacBook-Pro-8:heartrate_cpp MichaelKellman$ 
Michaels-MacBook-Pro-8:heartrate_cpp MichaelKellman$ 
Michaels-MacBook-Pro-8:heartrate_cpp MichaelKellman$ 
Michaels-MacBook-Pro-8:heartrate_cpp MichaelKellman$ 
Michaels-MacBook-Pro-8:heartrate_cpp MichaelKellman$ make
g++ -c test.cpp
g++ -c JnS-1.2/Matutil.c
clang: warning: treating 'c' input as 'c++' when in C++ mode, this behavior is deprecated
g++ -c JnS-1.2/JnS.c
clang: warning: treating 'c' input as 'c++' when in C++ mode, this behavior is deprecated
JnS-1.2/JnS.c:70:21: warning: format string is not a string literal (potentially insecure)
      [-Wformat-security]
    fprintf(stderr, mess);
                    ^~~~
JnS-1.2/JnS.c:395:15: warning: conversion from string literal to 'char *' is deprecated
      [-Wc++11-compat-deprecated-writable-strings]
  Message0(3, "Memory allocation and reset...\n");
              ^
JnS-1.2/JnS.c:404:15: warning: conversion from string literal to 'char *' is deprecated
      [-Wc++11-compat-deprecated-writable-strings]
  Message0(3, "Computing some moments...\n");
              ^
JnS-1.2/JnS.c:427:15: warning: conversion from string literal to 'char *' is deprecated
      [-Wc++11-compat-deprecated-writable-strings]
  Message0(3, "From moments to cumulants...\n");  
              ^
JnS-1.2/JnS.c:471:15: warning: conversion from string literal to 'char *' is deprecated
      [-Wc++11-compat-deprecated-writable-strings]
  Message0(3, "Computing 2nd order cumulants...\n"); 
              ^
JnS-1.2/JnS.c:484:15: warning: conversion from string literal to 'char *' is deprecated
      [-Wc++11-compat-deprecated-writable-strings]
  Message0(3, "Computing 4th order cumulants...\n");
              ^
JnS-1.2/JnS.c:550:15: warning: conversion from string literal to 'char *' is deprecated
      [-Wc++11-compat-deprecated-writable-strings]
  Message0(2, "Init...\n") ;
              ^
JnS-1.2/JnS.c:554:15: warning: conversion from string literal to 'char *' is deprecated
      [-Wc++11-compat-deprecated-writable-strings]
  Message0(2, "Whitening...\n") ;
              ^
JnS-1.2/JnS.c:561:19: warning: conversion from string literal to 'char *' is deprecated
      [-Wc++11-compat-deprecated-writable-strings]
      Message0(2, "Computing cumulant matrices...\n") ;
                  ^
JnS-1.2/JnS.c:564:19: warning: conversion from string literal to 'char *' is deprecated
      [-Wc++11-compat-deprecated-writable-strings]
      Message0(2, "Joint diagonalization...\n") ;
                  ^
JnS-1.2/JnS.c:566:19: warning: conversion from string literal to 'char *' is deprecated
      [-Wc++11-compat-deprecated-writable-strings]
      MessageI(3, "Total number of plane rotations: %6i.\n", rots) ;
                  ^
JnS-1.2/JnS.c:567:19: warning: conversion from string literal to 'char *' is deprecated
      [-Wc++11-compat-deprecated-writable-strings]
      MessageF(3, "Size of the total rotation: %10.7e\n", NonIdentity(Transf,nbc) );
                  ^
JnS-1.2/JnS.c:569:19: warning: conversion from string literal to 'char *' is deprecated
      [-Wc++11-compat-deprecated-writable-strings]
      Message0(2, "Updating...\n") ;
                  ^
JnS-1.2/JnS.c:593:15: warning: conversion from string literal to 'char *' is deprecated
      [-Wc++11-compat-deprecated-writable-strings]
  Message0(2, "Init...\n") ;
              ^
JnS-1.2/JnS.c:598:15: warning: conversion from string literal to 'char *' is deprecated
      [-Wc++11-compat-deprecated-writable-strings]
  Message0(2, "Whitening...\n") ;
              ^
JnS-1.2/JnS.c:603:15: warning: conversion from string literal to 'char *' is deprecated
      [-Wc++11-compat-deprecated-writable-strings]
  Message0(2, "Estimating the cumulant tensor...\n") ;
              ^
JnS-1.2/JnS.c:606:15: warning: conversion from string literal to 'char *' is deprecated
      [-Wc++11-compat-deprecated-writable-strings]
  Message0(2, "Joint diagonalization...\n") ;
              ^
JnS-1.2/JnS.c:608:15: warning: conversion from string literal to 'char *' is deprecated
      [-Wc++11-compat-deprecated-writable-strings]
  MessageI(3, "Total number of plane rotations: %6i.\n", rots) ;
              ^
JnS-1.2/JnS.c:609:15: warning: conversion from string literal to 'char *' is deprecated
      [-Wc++11-compat-deprecated-writable-strings]
  MessageF(3, "Size of the total rotation: %10.7e\n", NonIdentity(Transf,nbc) )  ;
              ^
JnS-1.2/JnS.c:611:15: warning: conversion from string literal to 'char *' is deprecated
      [-Wc++11-compat-deprecated-writable-strings]
  Message0(2, "Updating...\n") ;
              ^
20 warnings generated.
g++   test.o Matutil.o JnS.o   -o test
Michaels-MacBook-Pro-8:heartrate_cpp MichaelKellman$ make
make: Nothing to be done for `all'.
Michaels-MacBook-Pro-8:heartrate_cpp MichaelKellman$ make clean
rm -f *~ *.o 
Michaels-MacBook-Pro-8:heartrate_cpp MichaelKellman$ make
g++ -c -w  test.cpp
g++ -c -w  JnS-1.2/Matutil.c
g++ -c -w  JnS-1.2/JnS.c
g++   test.o Matutil.o JnS.o   -o test
Michaels-MacBook-Pro-8:heartrate_cpp MichaelKellman$ 
Michaels-MacBook-Pro-8:heartrate_cpp MichaelKellman$ ./test
Generating data...
Mixing...
Estimating the mixture...
Global system:
-1.76222  0.00610 -0.00554  0.00042 -0.03492 -0.02981 -0.00216  0.01230 
 0.01554 -0.04231  0.00845 -0.07657  0.01827  1.72116  0.02117 -0.05648 
-0.03284  1.74619 -0.02042 -0.00703 -0.01770 -0.06228  0.05664 -0.02494 
-0.04070 -0.00507 -0.09437  0.01906 -1.73905  0.00199 -0.02787  0.04509 
 0.02209  0.01730  1.72507 -0.08852  0.00109  0.04982 -0.00642 -0.00881 
-0.02645 -0.02160 -0.01233  0.00041  0.07453 -0.02311  1.74593 -0.02597 
-0.00264  0.01648  0.00089 -1.75681 -0.02725  0.09489 -0.01691 -0.01067 
 0.01183  0.00309  0.04970  0.02026  0.00221  0.00295  0.02500 -1.72625 
Equivariance ?...
 0.99990  0.00465 -0.00272  0.00563  0.00163  0.00638  0.00955  0.00133 
-0.00469  0.99998  0.00022  0.00036 -0.00142  0.00057  0.00458 -0.00058 
 0.00267 -0.00020  0.99989  0.01010 -0.00559  0.00742 -0.00451  0.00030 
-0.00570 -0.00042 -0.01013  0.99989 -0.00730  0.00383  0.00323 -0.00103 
-0.00169  0.00141  0.00551  0.00734  0.99995  0.00131  0.00080  0.00313 
-0.00637 -0.00060 -0.00737 -0.00396 -0.00124  0.99994 -0.00000 -0.00253 
-0.00133  0.00058 -0.00035  0.00099 -0.00314  0.00252 -0.00197  0.99999 
 0.00949  0.00463 -0.00456  0.00325  0.00081  0.00004 -0.99993 -0.00196 
Michaels-MacBook-Pro-8:heartrate_cpp MichaelKellman$ 
Michaels-MacBook-Pro-8:heartrate_cpp MichaelKellman$ 
Michaels-MacBook-Pro-8:heartrate_cpp MichaelKellman$ 
Michaels-MacBook-Pro-8:heartrate_cpp MichaelKellman$ 
Michaels-MacBook-Pro-8:heartrate_cpp MichaelKellman$ 
Michaels-MacBook-Pro-8:heartrate_cpp MichaelKellman$ 
Michaels-MacBook-Pro-8:heartrate_cpp MichaelKellman$ 
Michaels-MacBook-Pro-8:heartrate_cpp MichaelKellman$ 
Michaels-MacBook-Pro-8:heartrate_cpp MichaelKellman$ 
Michaels-MacBook-Pro-8:heartrate_cpp MichaelKellman$ 
Michaels-MacBook-Pro-8:heartrate_cpp MichaelKellman$ 
Michaels-MacBook-Pro-8:heartrate_cpp MichaelKellman$ 
Michaels-MacBook-Pro-8:heartrate_cpp MichaelKellman$ 
Michaels-MacBook-Pro-8:heartrate_cpp MichaelKellman$ 
Michaels-MacBook-Pro-8:heartrate_cpp MichaelKellman$ 
Michaels-MacBook-Pro-8:heartrate_cpp MichaelKellman$ make
g++ -c -w  test.cpp
g++   test.o Matutil.o JnS.o   -o test
Michaels-MacBook-Pro-8:heartrate_cpp MichaelKellman$ make clean
rm -f *~ *.o 
Michaels-MacBook-Pro-8:heartrate_cpp MichaelKellman$ make
g++ -c -w  test.cpp
g++ -c -w  JnS-1.2/Matutil.c
g++ -c -w  JnS-1.2/JnS.c
g++   test.o Matutil.o JnS.o   -o test
Michaels-MacBook-Pro-8:heartrate_cpp MichaelKellman$ ./test
Generating data...
Mixing...
Estimating the mixture...
Global system:
-0.06808  0.02978 -0.40203  0.81581  0.23425  0.04092 -0.35060  0.06002 
-0.56265 -0.65663 -0.12348 -0.16879  0.26707  0.06210 -0.07126 -0.39560 
 0.00233 -0.44157  0.15337  0.34643 -0.50923  0.42522  0.32450  0.33110 
 0.32826 -0.28491 -0.12426  0.24322  0.23520 -0.50445  0.61400 -0.19581 
-0.00160  0.09623  0.57870  0.19557  0.55021  0.45102  0.19319 -0.19248 
-0.72872  0.44688  0.21187  0.18852 -0.15013 -0.34694  0.31497 -0.03888 
-0.21438 -0.00631 -0.27065 -0.18575  0.49552  0.13302  0.25873  0.76459 
-0.01898 -0.33371  0.62936  0.05825  0.09357 -0.54382 -0.34210  0.40464 
Equivariance ?...
-0.02292  0.00095  0.00658 -0.99266 -0.00390  0.02544  0.00836 -0.11546 
 0.04464  0.97477  0.10057  0.01304  0.00934  0.17809 -0.02815 -0.07032 
-0.12686 -0.01908  0.89161  0.00686 -0.04156 -0.33799  0.26682 -0.03693 
 0.98375 -0.02815  0.07568 -0.02046  0.01169 -0.15021  0.01831 -0.04751 
-0.00995 -0.02472  0.06116 -0.00139  0.99645  0.05047  0.00765 -0.00474 
 0.08871 -0.21556  0.31246  0.05774 -0.06897  0.86445  0.02344 -0.30350 
 0.02144  0.03968 -0.24131 -0.00180  0.00396  0.10070  0.95999  0.08936 
 0.07205 -0.00264  0.17187 -0.10324 -0.01850  0.26621 -0.07356  0.93701 
Michaels-MacBook-Pro-8:heartrate_cpp MichaelKellman$ 
Michaels-MacBook-Pro-8:heartrate_cpp MichaelKellman$ 
Michaels-MacBook-Pro-8:heartrate_cpp MichaelKellman$ 
Michaels-MacBook-Pro-8:heartrate_cpp MichaelKellman$ 
Michaels-MacBook-Pro-8:heartrate_cpp MichaelKellman$ 
Michaels-MacBook-Pro-8:heartrate_cpp MichaelKellman$ 
Michaels-MacBook-Pro-8:heartrate_cpp MichaelKellman$ 
Michaels-MacBook-Pro-8:heartrate_cpp MichaelKellman$ 
Michaels-MacBook-Pro-8:heartrate_cpp MichaelKellman$ make clean
rm -f *~ *.o 
Michaels-MacBook-Pro-8:heartrate_cpp MichaelKellman$ make
g++ -c -w  test.cpp
g++ -c -w  JnS-1.2/Matutil.c
g++ -c -w  JnS-1.2/JnS.c
g++   test.o Matutil.o JnS.o   -o test
Michaels-MacBook-Pro-8:heartrate_cpp MichaelKellman$ make clean
rm -f *~ *.o 
Michaels-MacBook-Pro-8:heartrate_cpp MichaelKellman$ maek
-bash: maek: command not found
Michaels-MacBook-Pro-8:heartrate_cpp MichaelKellman$ make
g++ -c -w  test.cpp
g++ -c -w  JnS-1.2/Matutil.c
g++ -c -w  JnS-1.2/JnS.c
g++   test.o Matutil.o JnS.o   -o test
Michaels-MacBook-Pro-8:heartrate_cpp MichaelKellman$ make
make: *** No rule to make target `Filtering/FFTCode.c', needed by `FFTCode.o'.  Stop.
Michaels-MacBook-Pro-8:heartrate_cpp MichaelKellman$ ls
CMakeCache.txt		JnS-1.2			Matutil.o		test.cpp
CMakeFiles		JnS.o			cmake_install.cmake	test.o
CMakeLists.txt		Makefile		linasm-1.1(stable)
Filtering		Makefile1		test
Michaels-MacBook-Pro-8:heartrate_cpp MichaelKellman$ cd Filtering
Michaels-MacBook-Pro-8:Filtering MichaelKellman$ ls
FFTCode.cpp			IIREquationDerivations.pdf	QuadRootsCode.cpp
FFTCode.h			IIRFilterCode.cpp		QuadRootsCode.h
FIRFilterCode.cpp		IIRFilterCode.h			ReadMe.rtf
FIRFilterCode.h			NewParksMcClellan.cpp
FilterCoefficients.hpp		NewParksMcClellan.h
Michaels-MacBook-Pro-8:Filtering MichaelKellman$ cd ../
Michaels-MacBook-Pro-8:heartrate_cpp MichaelKellman$ make
g++ -c -w  Filtering/FFTCode.cpp
Filtering/FFTCode.cpp:10:10: fatal error: 'vcl.h' file not found
#include <vcl.h>   // For the ShowMessage function.
         ^
1 error generated.
make: *** [FFTCode.o] Error 1
Michaels-MacBook-Pro-8:heartrate_cpp MichaelKellman$ cd Filtering/
Michaels-MacBook-Pro-8:Filtering MichaelKellman$ emacs ReadMe.rtf 
Michaels-MacBook-Pro-8:Filtering MichaelKellman$ make
make: *** No targets specified and no makefile found.  Stop.
Michaels-MacBook-Pro-8:Filtering MichaelKellman$ cd ../
Michaels-MacBook-Pro-8:heartrate_cpp MichaelKellman$ amek
-bash: amek: command not found
Michaels-MacBook-Pro-8:heartrate_cpp MichaelKellman$ make
make: *** No rule to make target `FFTCode.o', needed by `test'.  Stop.
Michaels-MacBook-Pro-8:heartrate_cpp MichaelKellman$ make clean
rm -f *~ *.o 
Michaels-MacBook-Pro-8:heartrate_cpp MichaelKellman$ make
g++ -c -w  test.cpp
g++ -c -w  JnS-1.2/Matutil.c
g++ -c -w  JnS-1.2/JnS.c
g++   test.o Matutil.o JnS.o   -o test
Michaels-MacBook-Pro-8:heartrate_cpp MichaelKellman$ make
g++ -c -w  test.cpp
test.cpp:41:3: error: use of undeclared identifier 'MeanRemoval'
  MeanRemoval(Data,nbsensors,nbsamples);
  ^
test.cpp:66:8: error: use of undeclared identifier 'Global'
  free(Global);
       ^
2 errors generated.
make: *** [test.o] Error 1
Michaels-MacBook-Pro-8:heartrate_cpp MichaelKellman$ make
g++ -c -w  test.cpp
test.cpp:41:3: error: use of undeclared identifier 'MeanRemoval'
  MeanRemoval(Data,nbsensors,nbsamples);
  ^
1 error generated.
make: *** [test.o] Error 1
Michaels-MacBook-Pro-8:heartrate_cpp MichaelKellman$ make
g++ -c -w  test.cpp
g++   test.o Matutil.o JnS.o   -o test
duplicate symbol __Z11OutOfMemoryv in:
    test.o
    JnS.o
duplicate symbol __Z8Message0iPc in:
    test.o
    JnS.o
duplicate symbol __Z8MessageFiPcd in:
    test.o
    JnS.o
duplicate symbol __Z8MessageIiPci in:
    test.o
    JnS.o
duplicate symbol __Z8IdentityPdi in:
    test.o
    JnS.o
duplicate symbol __Z11NonIdentityPdi in:
    test.o
    JnS.o
duplicate symbol __Z9TransformPdS_ii in:
    test.o
    JnS.o
duplicate symbol __Z9EstCovMatPdS_ii in:
    test.o
    JnS.o
duplicate symbol __Z14RightRotSimplePdiiiidd in:
    test.o
    JnS.o
duplicate symbol __Z13RightRotStackPdiiiiidd in:
    test.o
    JnS.o
duplicate symbol __Z13LeftRotSimplePdiiiidd in:
    test.o
    JnS.o
duplicate symbol __Z12LeftRotStackPdiiiiidd in:
    test.o
    JnS.o
duplicate symbol __Z6GivensPdiii in:
    test.o
    JnS.o
duplicate symbol __Z11GivensStackPdiiii in:
    test.o
    JnS.o
duplicate symbol __Z5DiagoPdS_id in:
    test.o
    JnS.o
duplicate symbol __Z10JointDiagoPdS_iid in:
    test.o
    JnS.o
duplicate symbol __Z15ComputeWhitenerPdS_ii in:
    test.o
    JnS.o
duplicate symbol __Z10EstCumMatsPdS_ii in:
    test.o
    JnS.o
duplicate symbol __Z10EstCumTensPdS_ii in:
    test.o
    JnS.o
duplicate symbol __Z11MeanRemovalPdii in:
    test.o
    JnS.o
duplicate symbol __Z6ShibbsPdS_ii in:
    test.o
    JnS.o
duplicate symbol __Z4JadePdS_ii in:
    test.o
    JnS.o
ld: 22 duplicate symbols for architecture x86_64
clang: error: linker command failed with exit code 1 (use -v to see invocation)
make: *** [test] Error 1
Michaels-MacBook-Pro-8:heartrate_cpp MichaelKellman$ make
g++ -c -w  test.cpp
test.cpp:41:3: error: use of undeclared identifier 'MeanRemoval'
  MeanRemoval(Data,nbsensors,nbsamples);
  ^
1 error generated.
make: *** [test.o] Error 1
Michaels-MacBook-Pro-8:heartrate_cpp MichaelKellman$ make
g++ -c -w  test.cpp
In file included from test.cpp:15:
./JnS-1.2/JnS.h:46:42: error: expected ';' after top level declarator
void MeanRemoval(double *X, int n, int T)  
                                         ^
                                         ;
1 error generated.
make: *** [test.o] Error 1
Michaels-MacBook-Pro-8:heartrate_cpp MichaelKellman$ make
g++ -c -w  test.cpp
g++ -c -w  JnS-1.2/JnS.c
g++   test.o Matutil.o JnS.o   -o test
Michaels-MacBook-Pro-8:heartrate_cpp MichaelKellman$ make
g++ -c -w  test.cpp
g++ -c -w  filtering.c
filtering.c:3:10: fatal error: 'sox/src/sox.h' file not found
#include "sox/src/sox.h"
         ^
1 error generated.
make: *** [filtering.o] Error 1
Michaels-MacBook-Pro-8:heartrate_cpp MichaelKellman$ make
g++ -c -w  filtering.c
g++   test.o Matutil.o JnS.o filtering.o   -o test
Michaels-MacBook-Pro-8:heartrate_cpp MichaelKellman$ make clean
rm -f *~ *.o 
Michaels-MacBook-Pro-8:heartrate_cpp MichaelKellman$ make
g++ -c -w  test.cpp
g++ -c -w  JnS-1.2/Matutil.c
g++ -c -w  JnS-1.2/JnS.c
g++ -c -w  filtering.c
g++   test.o Matutil.o JnS.o filtering.o   -o test
Michaels-MacBook-Pro-8:heartrate_cpp MichaelKellman$ 
